Arguments: 
  C:\Program Files\nodejs\node.exe C:\Users\ABASAHEB\AppData\Roaming\npm\node_modules\@sanity\cli\vendor\yarn install --json --non-interactive --ignore-engines --network-timeout 60000 --registry https://registry.npmjs.org

PATH: 
  C:\Users\ABASAHEB\AppData\Roaming\npm\node_modules\vendor;C:\Users\ABASAHEB\anaconda3\condabin;C:\Program Files\Common Files\Oracle\Java\javapath;C:\ProgramData\Oracle\Java\javapath;C:\Program Files (x86)\Common Files\Oracle\Java\javapath;C:\WINDOWS\system32;C:\WINDOWS;C:\WINDOWS\System32\Wbem;C:\WINDOWS\System32\WindowsPowerShell\v1.0\;C:\Program Files (x86)\Microsoft SQL Server\100\Tools\Binn\;C:\Program Files\Microsoft SQL Server\100\Tools\Binn\;C:\Program Files\Microsoft SQL Server\100\DTS\Binn\;C:\Program Files (x86)\Microsoft SQL Server\100\Tools\Binn\VSShell\Common7\IDE\;C:\Program Files (x86)\Microsoft SQL Server\100\DTS\Binn\;C:\WINDOWS\System32\OpenSSH\;C:\Program Files\Git\cmd;C:\Program Files\nodejs\;C:\Users\ABASAHEB\AppData\Local\Programs\Python\Python39\Scripts\;C:\Users\ABASAHEB\AppData\Local\Programs\Python\Python39\;C:\Users\ABASAHEB\AppData\Local\Microsoft\WindowsApps;C:\Program Files\JetBrains\IntelliJ IDEA Community Edition 2020.2.3\bin;;C:\Users\ABASAHEB\AppData\Local\GitHubDesktop\bin;C:\Users\ABASAHEB\AppData\Local\Programs\Microsoft VS Code\bin;E:\Jay Patil\softwares\install softwares\google cloud sdk\google-cloud-sdk\bin;C:\src\flutter\bin;C:\Users\ABASAHEB\AppData\Roaming\npm;search-ms:displayname=Search%20Results%20in%20Local%20Disk%20(C%3A)&crumb=location:C%3A%5C\anaconda3;C:\Users\ABASAHEB\anaconda3\Scripts;C:\Program Files\heroku\bin

Yarn version: 
  1.22.17

Node version: 
  16.10.0

Platform: 
  win32 x64

Trace: 
  Error: https://registry.npmjs.org/date-fns/-/date-fns-2.28.0.tgz: ESOCKETTIMEDOUT
      at ClientRequest.<anonymous> (C:\Users\ABASAHEB\AppData\Roaming\npm\node_modules\@sanity\cli\vendor\yarn:135945:19)
      at Object.onceWrapper (node:events:509:28)
      at ClientRequest.emit (node:events:390:28)
      at TLSSocket.emitRequestTimeout (node:_http_client:761:9)
      at Object.onceWrapper (node:events:509:28)
      at TLSSocket.emit (node:events:402:35)
      at TLSSocket.Socket._onTimeout (node:net:486:8)
      at listOnTimeout (node:internal/timers:557:17)
      at processTimers (node:internal/timers:500:7)

npm manifest: 
  {
    "name": "jayportfolio",
    "private": true,
    "version": "1.0.0",
    "description": "",
    "main": "package.json",
    "author": "Jay patil <jaypatil.ai1101@gmail.com>",
    "license": "UNLICENSED",
    "scripts": {
      "start": "sanity start",
      "build": "sanity build"
    },
    "keywords": [
      "sanity"
    ],
    "dependencies": {
      "@sanity/base": "^2.29.5",
      "@sanity/core": "^2.29.5",
      "@sanity/default-layout": "^2.29.5",
      "@sanity/default-login": "^2.29.5",
      "@sanity/desk-tool": "^2.29.5",
      "@sanity/eslint-config-studio": "^2.0.0",
      "@sanity/vision": "^2.29.5",
      "eslint": "^8.6.0",
      "prop-types": "^15.7",
      "react": "^17.0",
      "react-dom": "^17.0",
      "styled-components": "^5.2.0"
    },
    "devDependencies": {}
  }

yarn manifest: 
  No manifest

Lockfile: 
  No lockfile
